Start testing: Apr 29 22:42 EDT
----------------------------------------------------------
1/1 Testing: HelloTest.BasicAssertions
1/1 Test: HelloTest.BasicAssertions
Command: "/mnt/e/Work/Spring 2021/Research Anurag/md-trie/build/hello_test" "--gtest_filter=HelloTest.BasicAssertions" "--gtest_also_run_disabled_tests"
Directory: /mnt/e/Work/Spring 2021/Research Anurag/md-trie/build
"HelloTest.BasicAssertions" start time: Apr 29 22:42 EDT
Output:
----------------------------------------------------------
Running main() from /mnt/e/Work/Spring 2021/Research Anurag/md-trie/build/_deps/googletest-src/googletest/src/gtest_main.cc
Note: Google Test filter = HelloTest.BasicAssertions
[==========] Running 1 test from 1 test suite.
[----------] Global test environment set-up.
[----------] 1 test from HelloTest
[ RUN      ] HelloTest.BasicAssertions
[       OK ] HelloTest.BasicAssertions (0 ms)
[----------] 1 test from HelloTest (0 ms total)

[----------] Global test environment tear-down
[==========] 1 test from 1 test suite ran. (0 ms total)
[  PASSED  ] 1 test.
<end of output>
Test time =   0.02 sec
----------------------------------------------------------
Test Passed.
"HelloTest.BasicAssertions" end time: Apr 29 22:42 EDT
"HelloTest.BasicAssertions" time elapsed: 00:00:00
----------------------------------------------------------

End testing: Apr 29 22:42 EDT
